Temps passé depuis l'exécution : 23 s
Nombre d'itérations : 10000000

Valeures optimales trouvées :
Pour la Fusée entière : Emplanture : 275, Saumon : 125, Flèche : 0, Envergure : 175
Pour le Ship : Emplanture : 150, Saumon : 150, Flèche : 50, Envergure : 100

Résultats (à vérifier avec StabTraj) :
Pour la Fusée entière : Cn : 22.629770, Cn0 : 26.167689, MS_min : 2.007662, MS_max : 3.795295, MS_Cn_min : 45.432939, MS_Cn_max : 99.314108
Pour le Ship : Cn : 8.626065, Cn0 : 8.626065, MS_min : 2.476895, MS_max : 2.555631, MS_Cn_min : 21.365858, MS_Cn_max : 22.045041

Limites critiques : Cnmin : 15.000000, Cnmax : 40.000000, MSmin : 2.000000, MSmax : 6.000000, MSCnmin : 40.000000, MSCnmax : 100.000000

La Fusée entière est : STABLE
Le Ship est : INSTABLE

----------------------------------------------------------------------

Temps passé depuis l'exécution : 45 s
Nombre d'itérations : 20000000

Valeures optimales trouvées :
Pour la Fusée entière : Emplanture : 50, Saumon : 50, Flèche : 50, Envergure : 275
Pour le Ship : Emplanture : 125, Saumon : 75, Flèche : 25, Envergure : 125

Résultats (à vérifier avec StabTraj) :
Pour la Fusée entière : Cn : 22.177910, Cn0 : 25.183840, MS_min : 2.022567, MS_max : 3.949603, MS_Cn_min : 44.856305, MS_Cn_max : 99.466183
Pour le Ship : Cn : 10.623688, Cn0 : 10.623688, MS_min : 2.822145, MS_max : 2.900881, MS_Cn_min : 29.981587, MS_Cn_max : 30.818055

Limites critiques : Cnmin : 15.000000, Cnmax : 40.000000, MSmin : 2.000000, MSmax : 6.000000, MSCnmin : 40.000000, MSCnmax : 100.000000

La Fusée entière est : STABLE
Le Ship est : INSTABLE

----------------------------------------------------------------------

